make --dry-run --always-make --keep-going --print-directory
make: Entering directory '/student/bav965/cmpt332/xv6-riscv'
 
/student/cmpt332/riscv/bin/riscv64-unknown-elf-gcc    -c -o kernel/entry.o kernel/entry.S
 
/student/cmpt332/riscv/bin/riscv64-unknown-elf-gcc -Wall -Werror -O -fno-omit-frame-pointer -ggdb -MD -mcmodel=medany -ffreestanding -fno-common -nostdlib -mno-relax -I. -fno-stack-protector -fno-pie -no-pie   -c -o kernel/start.o kernel/start.c
 
/student/cmpt332/riscv/bin/riscv64-unknown-elf-gcc -Wall -Werror -O -fno-omit-frame-pointer -ggdb -MD -mcmodel=medany -ffreestanding -fno-common -nostdlib -mno-relax -I. -fno-stack-protector -fno-pie -no-pie   -c -o kernel/console.o kernel/console.c
 
/student/cmpt332/riscv/bin/riscv64-unknown-elf-gcc -Wall -Werror -O -fno-omit-frame-pointer -ggdb -MD -mcmodel=medany -ffreestanding -fno-common -nostdlib -mno-relax -I. -fno-stack-protector -fno-pie -no-pie   -c -o kernel/printf.o kernel/printf.c
 
/student/cmpt332/riscv/bin/riscv64-unknown-elf-gcc -Wall -Werror -O -fno-omit-frame-pointer -ggdb -MD -mcmodel=medany -ffreestanding -fno-common -nostdlib -mno-relax -I. -fno-stack-protector -fno-pie -no-pie   -c -o kernel/uart.o kernel/uart.c
 
/student/cmpt332/riscv/bin/riscv64-unknown-elf-gcc -Wall -Werror -O -fno-omit-frame-pointer -ggdb -MD -mcmodel=medany -ffreestanding -fno-common -nostdlib -mno-relax -I. -fno-stack-protector -fno-pie -no-pie   -c -o kernel/kalloc.o kernel/kalloc.c
 
/student/cmpt332/riscv/bin/riscv64-unknown-elf-gcc -Wall -Werror -O -fno-omit-frame-pointer -ggdb -MD -mcmodel=medany -ffreestanding -fno-common -nostdlib -mno-relax -I. -fno-stack-protector -fno-pie -no-pie   -c -o kernel/spinlock.o kernel/spinlock.c
 
/student/cmpt332/riscv/bin/riscv64-unknown-elf-gcc -Wall -Werror -O -fno-omit-frame-pointer -ggdb -MD -mcmodel=medany -ffreestanding -fno-common -nostdlib -mno-relax -I. -fno-stack-protector -fno-pie -no-pie   -c -o kernel/string.o kernel/string.c
/student/cmpt332/riscv/bin/riscv64-unknown-elf-gcc -Wall -Werror -O -fno-omit-frame-pointer -ggdb -MD -mcmodel=medany -ffreestanding -fno-common -nostdlib -mno-relax -I. -fno-stack-protector -fno-pie -no-pie   -c -o kernel/main.o kernel/main.c
 
/student/cmpt332/riscv/bin/riscv64-unknown-elf-gcc -Wall -Werror -O -fno-omit-frame-pointer -ggdb -MD -mcmodel=medany -ffreestanding -fno-common -nostdlib -mno-relax -I. -fno-stack-protector -fno-pie -no-pie   -c -o kernel/vm.o kernel/vm.c
/student/cmpt332/riscv/bin/riscv64-unknown-elf-gcc -Wall -Werror -O -fno-omit-frame-pointer -ggdb -MD -mcmodel=medany -ffreestanding -fno-common -nostdlib -mno-relax -I. -fno-stack-protector -fno-pie -no-pie   -c -o kernel/proc.o kernel/proc.c
/student/cmpt332/riscv/bin/riscv64-unknown-elf-gcc    -c -o kernel/swtch.o kernel/swtch.S
/student/cmpt332/riscv/bin/riscv64-unknown-elf-gcc    -c -o kernel/trampoline.o kernel/trampoline.S
 
/student/cmpt332/riscv/bin/riscv64-unknown-elf-gcc -Wall -Werror -O -fno-omit-frame-pointer -ggdb -MD -mcmodel=medany -ffreestanding -fno-common -nostdlib -mno-relax -I. -fno-stack-protector -fno-pie -no-pie   -c -o kernel/trap.o kernel/trap.c
 
/student/cmpt332/riscv/bin/riscv64-unknown-elf-gcc -Wall -Werror -O -fno-omit-frame-pointer -ggdb -MD -mcmodel=medany -ffreestanding -fno-common -nostdlib -mno-relax -I. -fno-stack-protector -fno-pie -no-pie   -c -o kernel/syscall.o kernel/syscall.c
 
/student/cmpt332/riscv/bin/riscv64-unknown-elf-gcc -Wall -Werror -O -fno-omit-frame-pointer -ggdb -MD -mcmodel=medany -ffreestanding -fno-common -nostdlib -mno-relax -I. -fno-stack-protector -fno-pie -no-pie   -c -o kernel/sysproc.o kernel/sysproc.c
/student/cmpt332/riscv/bin/riscv64-unknown-elf-gcc -Wall -Werror -O -fno-omit-frame-pointer -ggdb -MD -mcmodel=medany -ffreestanding -fno-common -nostdlib -mno-relax -I. -fno-stack-protector -fno-pie -no-pie   -c -o kernel/bio.o kernel/bio.c
/student/cmpt332/riscv/bin/riscv64-unknown-elf-gcc -Wall -Werror -O -fno-omit-frame-pointer -ggdb -MD -mcmodel=medany -ffreestanding -fno-common -nostdlib -mno-relax -I. -fno-stack-protector -fno-pie -no-pie   -c -o kernel/fs.o kernel/fs.c
/student/cmpt332/riscv/bin/riscv64-unknown-elf-gcc -Wall -Werror -O -fno-omit-frame-pointer -ggdb -MD -mcmodel=medany -ffreestanding -fno-common -nostdlib -mno-relax -I. -fno-stack-protector -fno-pie -no-pie   -c -o kernel/log.o kernel/log.c
/student/cmpt332/riscv/bin/riscv64-unknown-elf-gcc -Wall -Werror -O -fno-omit-frame-pointer -ggdb -MD -mcmodel=medany -ffreestanding -fno-common -nostdlib -mno-relax -I. -fno-stack-protector -fno-pie -no-pie   -c -o kernel/sleeplock.o kernel/sleeplock.c
/student/cmpt332/riscv/bin/riscv64-unknown-elf-gcc -Wall -Werror -O -fno-omit-frame-pointer -ggdb -MD -mcmodel=medany -ffreestanding -fno-common -nostdlib -mno-relax -I. -fno-stack-protector -fno-pie -no-pie   -c -o kernel/file.o kernel/file.c
/student/cmpt332/riscv/bin/riscv64-unknown-elf-gcc -Wall -Werror -O -fno-omit-frame-pointer -ggdb -MD -mcmodel=medany -ffreestanding -fno-common -nostdlib -mno-relax -I. -fno-stack-protector -fno-pie -no-pie   -c -o kernel/pipe.o kernel/pipe.c
/student/cmpt332/riscv/bin/riscv64-unknown-elf-gcc -Wall -Werror -O -fno-omit-frame-pointer -ggdb -MD -mcmodel=medany -ffreestanding -fno-common -nostdlib -mno-relax -I. -fno-stack-protector -fno-pie -no-pie   -c -o kernel/exec.o kernel/exec.c
/student/cmpt332/riscv/bin/riscv64-unknown-elf-gcc -Wall -Werror -O -fno-omit-frame-pointer -ggdb -MD -mcmodel=medany -ffreestanding -fno-common -nostdlib -mno-relax -I. -fno-stack-protector -fno-pie -no-pie   -c -o kernel/sysfile.o kernel/sysfile.c
/student/cmpt332/riscv/bin/riscv64-unknown-elf-gcc    -c -o kernel/kernelvec.o kernel/kernelvec.S
/student/cmpt332/riscv/bin/riscv64-unknown-elf-gcc -Wall -Werror -O -fno-omit-frame-pointer -ggdb -MD -mcmodel=medany -ffreestanding -fno-common -nostdlib -mno-relax -I. -fno-stack-protector -fno-pie -no-pie   -c -o kernel/plic.o kernel/plic.c
/student/cmpt332/riscv/bin/riscv64-unknown-elf-gcc -Wall -Werror -O -fno-omit-frame-pointer -ggdb -MD -mcmodel=medany -ffreestanding -fno-common -nostdlib -mno-relax -I. -fno-stack-protector -fno-pie -no-pie   -c -o kernel/virtio_disk.o kernel/virtio_disk.c
/student/cmpt332/riscv/bin/riscv64-unknown-elf-gcc -Wall -Werror -O -fno-omit-frame-pointer -ggdb -MD -mcmodel=medany -ffreestanding -fno-common -nostdlib -mno-relax -I. -fno-stack-protector -fno-pie -no-pie -march=rv64g -nostdinc -I. -Ikernel -c user/initcode.S -o user/initcode.o
/student/cmpt332/riscv/bin/riscv64-unknown-elf-ld -z max-page-size=4096 -N -e start -Ttext 0 -o user/initcode.out user/initcode.o
/student/cmpt332/riscv/bin/riscv64-unknown-elf-objcopy -S -O binary user/initcode.out user/initcode
/student/cmpt332/riscv/bin/riscv64-unknown-elf-objdump -S user/initcode.o > user/initcode.asm
/student/cmpt332/riscv/bin/riscv64-unknown-elf-ld -z max-page-size=4096 -T kernel/kernel.ld -o kernel/kernel kernel/entry.o kernel/start.o kernel/console.o kernel/printf.o kernel/uart.o kernel/kalloc.o kernel/spinlock.o kernel/string.o kernel/main.o kernel/vm.o kernel/proc.o kernel/swtch.o kernel/trampoline.o kernel/trap.o kernel/syscall.o kernel/sysproc.o kernel/bio.o kernel/fs.o kernel/log.o kernel/sleeplock.o kernel/file.o kernel/pipe.o kernel/exec.o kernel/sysfile.o kernel/kernelvec.o kernel/plic.o kernel/virtio_disk.o 
/student/cmpt332/riscv/bin/riscv64-unknown-elf-objdump -S kernel/kernel > kernel/kernel.asm
/student/cmpt332/riscv/bin/riscv64-unknown-elf-objdump -t kernel/kernel | sed '1,/SYMBOL TABLE/d; s/ .* / /; /^$/d' > kernel/kernel.sym
make: Leaving directory '/student/bav965/cmpt332/xv6-riscv'
 
